<?xml version="1.0" encoding="UTF-8" ?>
<testsuite errors="0" failures="0" hostname="vinzor-virtual-machine" name="JumperTest" skipped="0" tests="4" time="0.152" timestamp="2015-08-21T09:49:09">
  <properties>
    <property name="ant.project.invoked-targets" value="junit" />
    <property name="java.runtime.name" value="Java(TM) SE Runtime Environment" />
    <property name="sun.boot.library.path" value="/usr/lib/jvm/jdk1.7.0_45/jre/lib/amd64" />
    <property name="java.vm.version" value="24.45-b08" />
    <property name="ant.library.dir" value="/opt/apache-ant-1.9.6/lib" />
    <property name="ant.version" value="Apache Ant(TM) version 1.9.6 compiled on June 29 2015" />
    <property name="ant.java.version" value="1.7" />
    <property name="java.vm.vendor" value="Oracle Corporation" />
    <property name="java.vendor.url" value="http://java.oracle.com/" />
    <property name="path.separator" value=":" />
    <property name="java.vm.name" value="Java HotSpot(TM) 64-Bit Server VM" />
    <property name="file.encoding.pkg" value="sun.io" />
    <property name="user.country" value="US" />
    <property name="sun.java.launcher" value="SUN_STANDARD" />
    <property name="sun.os.patch.level" value="unknown" />
    <property name="java.vm.specification.name" value="Java Virtual Machine Specification" />
    <property name="user.dir" value="/home/Administrator/GridWorld/projects/Part3/Jumper_test" />
    <property name="java.runtime.version" value="1.7.0_45-b18" />
    <property name="java.awt.graphicsenv" value="sun.awt.X11GraphicsEnvironment" />
    <property name="basedir" value="/home/Administrator/GridWorld/projects/Part3/Jumper_test" />
    <property name="java.endorsed.dirs" value="/usr/lib/jvm/jdk1.7.0_45/jre/lib/endorsed" />
    <property name="os.arch" value="amd64" />
    <property name="ant.project.default-target" value="junit" />
    <property name="java.io.tmpdir" value="/tmp" />
    <property name="ant.core.lib" value="/opt/apache-ant-1.9.6/lib/ant.jar" />
    <property name="line.separator" value="&#xa;" />
    <property name="java.vm.specification.vendor" value="Oracle Corporation" />
    <property name="os.name" value="Linux" />
    <property name="ant.home" value="/opt/apache-ant-1.9.6" />
    <property name="build.dir" value="/home/Administrator/GridWorld/projects/Part3/build" />
    <property name="ant.project.name" value="JumperTest" />
    <property name="sun.jnu.encoding" value="UTF-8" />
    <property name="jumper.dir" value="/home/Administrator/GridWorld/projects/Part3/Jumper_src" />
    <property name="java.library.path" value="/usr/java/packages/lib/amd64:/usr/lib64:/lib64:/lib:/usr/lib" />
    <property name="java.class.version" value="51.0" />
    <property name="java.specification.name" value="Java Platform API Specification" />
    <property name="lib.dir" value="/home/Administrator/GridWorld/projects/Part3/lib" />
    <property name="sun.management.compiler" value="HotSpot 64-Bit Tiered Compilers" />
    <property name="os.version" value="3.5.0-23-generic" />
    <property name="ant.file" value="/home/Administrator/GridWorld/projects/Part3/Jumper_test/build.xml" />
    <property name="user.home" value="/home/Administrator" />
    <property name="user.timezone" value="" />
    <property name="java.awt.printerjob" value="sun.print.PSPrinterJob" />
    <property name="java.specification.version" value="1.7" />
    <property name="file.encoding" value="UTF-8" />
    <property name="java.class.path" value="/home/Administrator/GridWorld/projects/Part3/lib/gridworld.jar:/home/Administrator/GridWorld/projects/Part3/lib/junit-4.9.jar:/home/Administrator/GridWorld/projects/Part3/build:/opt/apache-ant-1.9.6/lib/ant-launcher.jar:/opt/apache-ant-1.9.6/lib/ant.jar:/opt/apache-ant-1.9.6/lib/ant-junit.jar:/opt/apache-ant-1.9.6/lib/ant-junit4.jar" />
    <property name="user.name" value="Administrator" />
    <property name="ant.file.type.JumperTest" value="file" />
    <property name="reports.dir" value="/home/Administrator/GridWorld/projects/Part3/build/reports" />
    <property name="java.vm.specification.version" value="1.7" />
    <property name="sun.java.command" value="org.apache.tools.ant.taskdefs.optional.junit.JUnitTestRunner JumperTest skipNonTests=false filtertrace=true haltOnError=false haltOnFailure=false formatter=org.apache.tools.ant.taskdefs.optional.junit.SummaryJUnitResultFormatter showoutput=false outputtoformatters=true logfailedtests=true threadid=0 logtestlistenerevents=false formatter=org.apache.tools.ant.taskdefs.optional.junit.XMLJUnitResultFormatter,/home/Administrator/GridWorld/projects/Part3/build/reports/TEST-JumperTest.xml crashfile=/home/Administrator/GridWorld/projects/Part3/Jumper_test/junitvmwatcher3628401703874930603.properties propsfile=/home/Administrator/GridWorld/projects/Part3/Jumper_test/junit8556954634262799444.properties" />
    <property name="sun.arch.data.model" value="64" />
    <property name="java.home" value="/usr/lib/jvm/jdk1.7.0_45/jre" />
    <property name="java.specification.vendor" value="Oracle Corporation" />
    <property name="user.language" value="en" />
    <property name="awt.toolkit" value="sun.awt.X11.XToolkit" />
    <property name="java.vm.info" value="mixed mode" />
    <property name="jumperTest.dir" value="/home/Administrator/GridWorld/projects/Part3/Jumper_test/test" />
    <property name="java.version" value="1.7.0_45" />
    <property name="java.ext.dirs" value="/usr/lib/jvm/jdk1.7.0_45/jre/lib/ext:/usr/java/packages/lib/ext" />
    <property name="sun.boot.class.path" value="/usr/lib/jvm/jdk1.7.0_45/jre/lib/resources.jar:/usr/lib/jvm/jdk1.7.0_45/jre/lib/rt.jar:/usr/lib/jvm/jdk1.7.0_45/jre/lib/sunrsasign.jar:/usr/lib/jvm/jdk1.7.0_45/jre/lib/jsse.jar:/usr/lib/jvm/jdk1.7.0_45/jre/lib/jce.jar:/usr/lib/jvm/jdk1.7.0_45/jre/lib/charsets.jar:/usr/lib/jvm/jdk1.7.0_45/jre/lib/jfr.jar:/usr/lib/jvm/jdk1.7.0_45/jre/classes" />
    <property name="java.vendor" value="Oracle Corporation" />
    <property name="file.separator" value="/" />
    <property name="java.vendor.url.bug" value="http://bugreport.sun.com/bugreport/" />
    <property name="sun.cpu.endian" value="little" />
    <property name="sun.io.unicode.encoding" value="UnicodeLittle" />
    <property name="jumperSrc.dir" value="/home/Administrator/GridWorld/projects/Part3/Jumper_src/src" />
    <property name="ant.file.type" value="file" />
    <property name="ant.file.JumperTest" value="/home/Administrator/GridWorld/projects/Part3/Jumper_test/build.xml" />
    <property name="sun.desktop" value="gnome" />
    <property name="sun.cpu.isalist" value="" />
  </properties>
  <testcase classname="JumperTest" name="testMove2" time="0.006" />
  <testcase classname="JumperTest" name="testCanMove1" time="0.001" />
  <testcase classname="JumperTest" name="testCanMove2" time="0.001" />
  <testcase classname="JumperTest" name="testMove1" time="0.0" />
  <system-out><![CDATA[]]></system-out>
  <system-err><![CDATA[]]></system-err>
</testsuite>
